<?xml version="1.0" encoding="UTF-8"?>
<!-- Generated by org.testng.reporters.JUnitReportReporter -->
<testsuite hostname="DESKTOP-QU1LVO6" failures="0" tests="1" name="login.TestIdentity" time="3.062" errors="0" timestamp="21 Sep 2019 23:02:59 GMT" skipped="0">
  <testcase classname="login.TestIdentity" name="VerifyElements" time="3.062"/>
</testsuite> <!-- login.TestIdentity -->
