<?xml version="1.0" encoding="UTF-8"?>
<!-- Generated by org.testng.reporters.JUnitReportReporter -->
<testsuite hostname="DESKTOP-QU1LVO6" failures="0" tests="1" name="login.TestFuncionality" time="3.234" errors="0" timestamp="21 Sep 2019 10:01:26 GMT" skipped="0">
  <testcase classname="login.TestFuncionality" name="VerifyElements" time="3.234"/>
</testsuite> <!-- login.TestFuncionality -->
