<?xml version="1.0" encoding="UTF-8"?>
<!-- Generated by org.testng.reporters.JUnitReportReporter -->
<testsuite hostname="DESKTOP-QU1LVO6" failures="0" tests="1" name="login.TestLogin" time="3.794" errors="0" timestamp="21 Sep 2019 11:05:23 GMT" skipped="0">
  <testcase classname="login.TestLogin" name="ValidData" time="3.794"/>
</testsuite> <!-- login.TestLogin -->
